2016-11-29T17:02:41.672+0100 [initandlisten] MongoDB starting : pid=18584 port=27017 dbpath=/home/porrito/www/encuestas-heineken/./data/ 32-bit host=porrito
2016-11-29T17:02:41.672+0100 [initandlisten] 
2016-11-29T17:02:41.672+0100 [initandlisten] ** NOTE: This is a 32 bit MongoDB binary.
2016-11-29T17:02:41.672+0100 [initandlisten] **       32 bit builds are limited to less than 2GB of data (or less with --journal).
2016-11-29T17:02:41.672+0100 [initandlisten] **       Note that journaling defaults to off for 32 bit and is currently off.
2016-11-29T17:02:41.672+0100 [initandlisten] **       See http://dochub.mongodb.org/core/32bit
2016-11-29T17:02:41.672+0100 [initandlisten] 
2016-11-29T17:02:41.672+0100 [initandlisten] db version v2.6.10
2016-11-29T17:02:41.672+0100 [initandlisten] git version: nogitversion
2016-11-29T17:02:41.672+0100 [initandlisten] OpenSSL version: OpenSSL 1.0.2g  1 Mar 2016
2016-11-29T17:02:41.672+0100 [initandlisten] build info: Linux lgw01-23 3.19.0-25-generic #26~14.04.1-Ubuntu SMP Fri Jul 24 21:16:20 UTC 2015 i686 BOOST_LIB_VERSION=1_58
2016-11-29T17:02:41.672+0100 [initandlisten] allocator: tcmalloc
2016-11-29T17:02:41.672+0100 [initandlisten] options: { processManagement: { fork: true }, storage: { dbPath: "./data/" }, systemLog: { destination: "file", path: "./data/log/mongo.log" } }
2016-11-29T17:02:41.725+0100 [initandlisten] ERROR: listen(): bind() failed errno:98 Address already in use for socket: 0.0.0.0:27017
2016-11-29T17:02:41.725+0100 [initandlisten] ERROR:   addr already in use
2016-11-29T17:02:41.727+0100 [initandlisten] now exiting
2016-11-29T17:02:41.727+0100 [initandlisten] dbexit: 
2016-11-29T17:02:41.727+0100 [initandlisten] shutdown: going to close listening sockets...
2016-11-29T17:02:41.727+0100 [initandlisten] shutdown: going to flush diaglog...
2016-11-29T17:02:41.727+0100 [initandlisten] shutdown: going to close sockets...
2016-11-29T17:02:41.727+0100 [initandlisten] shutdown: waiting for fs preallocator...
2016-11-29T17:02:41.727+0100 [initandlisten] shutdown: closing all files...
2016-11-29T17:02:41.727+0100 [initandlisten] closeAllFiles() finished
2016-11-29T17:02:41.727+0100 [initandlisten] shutdown: removing fs lock...
2016-11-29T17:02:41.727+0100 [initandlisten] dbexit: really exiting now
